<?xml version="1.0" encoding="UTF-8"?>
<!-- Generated by org.testng.reporters.JUnitReportReporter -->
<testsuite hostname="Mapletech" failures="0" tests="2" name="com.gitPractise.JenkinPractise1Test" time="0.004" errors="0" timestamp="2023-03-13T12:49:40 IST" skipped="0">
  <testcase classname="com.gitPractise.JenkinPractise1Test" name="test1" time="0.002"/>
  <system-out/>
  <testcase classname="com.gitPractise.JenkinPractise1Test" name="test2" time="0.002"/>
  <system-out/>
</testsuite> <!-- com.gitPractise.JenkinPractise1Test -->
